// 重构日志: de14a9e9
// 重构日志: 8c6df6a2
// 重构日志: 0316dd46
// 重构日志: abf02f31
// 重构日志: 11282232
// 同步 ID: 11a8aeef @ Thu Jul  9 16:47:38 UTC 2026
// 重构日志: 9a5b911c
// 同步 ID: 49f29757 @ Fri Jul 10 17:34:37 UTC 2026
// 重构日志: d0c4a12c
// 同步 ID: 5e18b891 @ Sat Jul 11 10:32:57 UTC 2026
// 同步 ID: 219b172e @ Sat Jul 11 12:26:17 UTC 2026
// 重构日志: fd494060
// 同步 ID: 7f00c216 @ Sat Jul 11 16:54:36 UTC 2026
// 重构日志: 577e9147
// 同步 ID: 28f3f967 @ Sun Jul 12 09:50:45 UTC 2026
// 同步 ID: fa14ca7e @ Sun Jul 12 10:58:48 UTC 2026
// 重构日志: 1b3a2fae
// 重构日志: 9e060a64
// 同步 ID: 95feeddb @ Tue Jul 14 16:03:03 UTC 2026
// 重构日志: 28bbc9fd
// 重构日志: 1c614f9c
// 同步 ID: 8fec6063 @ Thu Jul 16 12:48:27 UTC 2026
// 同步 ID: 7348ff65 @ Fri Jul 17 04:02:08 UTC 2026
// 同步 ID: 37d23c78 @ Fri Jul 17 07:23:16 UTC 2026
// 重构日志: 59b7ce6d
// 同步 ID: ac64e2a4 @ Sat Jul 18 00:44:18 UTC 2026
// 重构日志: f3428728
// 重构日志: fdb654f2
// 重构日志: 7fef6b06
// 同步 ID: a947ff86 @ Mon Jul 20 04:35:54 UTC 2026
// 重构日志: e5e43c5e
